==00:00:00:00.000 21466== Memcheck, a memory error detector
==00:00:00:00.000 21466== Copyright (C) 2002-2017, and GNU GPL'd, by Julian Seward et al.
==00:00:00:00.001 21466== Using Valgrind-3.15.0-608cb11914-20190413 and LibVEX; rerun with -h for copyright info
==00:00:00:00.001 21466== Command: ./overpass
==00:00:00:00.001 21466== Parent PID: 20671
==00:00:00:00.001 21466== 
--00:00:00:00.001 21466-- 
--00:00:00:00.001 21466-- Valgrind options:
--00:00:00:00.001 21466--    --tool=memcheck
--00:00:00:00.001 21466--    --show-reachable=yes
--00:00:00:00.001 21466--    --read-var-info=yes
--00:00:00:00.001 21466--    --verbose
--00:00:00:00.001 21466--    --error-limit=yes
--00:00:00:00.001 21466--    --time-stamp=yes
--00:00:00:00.001 21466--    --leak-check=full
--00:00:00:00.001 21466--    --log-file=overpass.log
--00:00:00:00.001 21466-- Contents of /proc/version:
--00:00:00:00.001 21466--   Linux version 5.11.0-25-generic (buildd@lgw01-amd64-038) (gcc (Ubuntu 9.3.0-17ubuntu1~20.04) 9.3.0, GNU ld (GNU Binutils for Ubuntu) 2.34) #27~20.04.1-Ubuntu SMP Tue Jul 13 17:41:23 UTC 2021
--00:00:00:00.001 21466-- 
--00:00:00:00.001 21466-- Arch and hwcaps: AMD64, LittleEndian, amd64-cx16-lzcnt-rdtscp-sse3-ssse3-avx-avx2-rdrand
--00:00:00:00.001 21466-- Page sizes: currently 4096, max supported 4096
--00:00:00:00.001 21466-- Valgrind library directory: /usr/lib/x86_64-linux-gnu/valgrind
--00:00:00:00.001 21466-- Reading syms from /home/linux/free-time/linux_programming/chapter03/valgrind/overpass
--00:00:00:00.002 21466-- Reading syms from /usr/lib/x86_64-linux-gnu/ld-2.31.so
--00:00:00:00.002 21466--   Considering /usr/lib/x86_64-linux-gnu/ld-2.31.so ..
--00:00:00:00.002 21466--   .. CRC mismatch (computed 975d0390 wanted 30bd717f)
--00:00:00:00.002 21466--   Considering /lib/x86_64-linux-gnu/ld-2.31.so ..
--00:00:00:00.003 21466--   .. CRC mismatch (computed 975d0390 wanted 30bd717f)
--00:00:00:00.003 21466--   Considering /usr/lib/debug/lib/x86_64-linux-gnu/ld-2.31.so ..
--00:00:00:00.015 21466--   .. CRC is valid
--00:00:00:00.196 21466-- warning: addVar: unknown size (buf)
--00:00:00:00.197 21466-- warning: addVar: unknown size (buf)
--00:00:00:00.197 21466-- warning: addVar: unknown size (buf)
--00:00:00:00.198 21466-- warning: addVar: unknown size (buf)
--00:00:00:00.198 21466-- warning: addVar: unknown size (buf)
--00:00:00:00.199 21466-- warning: addVar: unknown size (buf)
--00:00:00:00.199 21466-- warning: addVar: unknown size (buf)
--00:00:00:00.199 21466-- warning: addVar: unknown size (loadcmds)
--00:00:00:00.199 21466-- warning: addVar: unknown size (loadcmds)
--00:00:00:00.199 21466-- warning: addVar: unknown size (loadcmds)
--00:00:00:00.205 21466-- Reading syms from /usr/lib/x86_64-linux-gnu/valgrind/memcheck-amd64-linux
--00:00:00:00.205 21466--    object doesn't have a symbol table
--00:00:00:00.205 21466--    object doesn't have a dynamic symbol table
--00:00:00:00.212 21466-- Scheduler: using generic scheduler lock implementation.
--00:00:00:00.214 21466-- Reading suppressions file: /usr/lib/x86_64-linux-gnu/valgrind/default.supp
==00:00:00:00.215 21466== embedded gdbserver: reading from /tmp/vgdb-pipe-from-vgdb-to-21466-by-linux-on-???
==00:00:00:00.215 21466== embedded gdbserver: writing to   /tmp/vgdb-pipe-to-vgdb-from-21466-by-linux-on-???
==00:00:00:00.216 21466== embedded gdbserver: shared mem   /tmp/vgdb-pipe-shared-mem-vgdb-21466-by-linux-on-???
==00:00:00:00.216 21466== 
==00:00:00:00.216 21466== TO CONTROL THIS PROCESS USING vgdb (which you probably
==00:00:00:00.216 21466== don't want to do, unless you know exactly what you're doing,
==00:00:00:00.216 21466== or are doing some strange experiment):
==00:00:00:00.216 21466==   /usr/lib/x86_64-linux-gnu/valgrind/../../bin/vgdb --pid=21466 ...command...
==00:00:00:00.217 21466== 
==00:00:00:00.217 21466== TO DEBUG THIS PROCESS USING GDB: start GDB like this
==00:00:00:00.217 21466==   /path/to/gdb ./overpass
==00:00:00:00.217 21466== and then give GDB the following command
==00:00:00:00.217 21466==   target remote | /usr/lib/x86_64-linux-gnu/valgrind/../../bin/vgdb --pid=21466
==00:00:00:00.219 21466== --pid is optional if only one valgrind process is running
==00:00:00:00.219 21466== 
--00:00:00:00.229 21466-- REDIR: 0x4022e10 (ld-linux-x86-64.so.2:strlen) redirected to 0x580c9ce2 (???)
--00:00:00:00.243 21466-- REDIR: 0x4022be0 (ld-linux-x86-64.so.2:index) redirected to 0x580c9cfc (???)
--00:00:00:00.256 21466-- Reading syms from /usr/lib/x86_64-linux-gnu/valgrind/vgpreload_core-amd64-linux.so
--00:00:00:00.257 21466--    object doesn't have a symbol table
--00:00:00:00.263 21466-- Reading syms from /usr/lib/x86_64-linux-gnu/valgrind/vgpreload_memcheck-amd64-linux.so
--00:00:00:00.263 21466--    object doesn't have a symbol table
==00:00:00:00.264 21466== WARNING: new redirection conflicts with existing -- ignoring it
--00:00:00:00.264 21466--     old: 0x04022e10 (strlen              ) R-> (0000.0) 0x580c9ce2 ???
--00:00:00:00.264 21466--     new: 0x04022e10 (strlen              ) R-> (2007.0) 0x0483f060 strlen
--00:00:00:00.268 21466-- REDIR: 0x401f5f0 (ld-linux-x86-64.so.2:strcmp) redirected to 0x483ffd0 (strcmp)
--00:00:00:00.269 21466-- REDIR: 0x4023370 (ld-linux-x86-64.so.2:mempcpy) redirected to 0x4843a20 (mempcpy)
--00:00:00:00.278 21466-- Reading syms from /usr/lib/x86_64-linux-gnu/libc-2.31.so
--00:00:00:00.278 21466--   Considering /usr/lib/x86_64-linux-gnu/libc-2.31.so ..
--00:00:00:00.285 21466--   .. CRC mismatch (computed 86b78530 wanted e380f01c)
--00:00:00:00.285 21466--   Considering /lib/x86_64-linux-gnu/libc-2.31.so ..
--00:00:00:00.291 21466--   .. CRC mismatch (computed 86b78530 wanted e380f01c)
--00:00:00:00.292 21466--   Considering /usr/lib/debug/lib/x86_64-linux-gnu/libc-2.31.so ..
--00:00:00:00.345 21466--   .. CRC is valid
--00:00:00:03.357 21466-- REDIR: 0x48fe600 (libc.so.6:memmove) redirected to 0x48311d0 (_vgnU_ifunc_wrapper)
--00:00:00:03.358 21466-- REDIR: 0x48fd900 (libc.so.6:strncpy) redirected to 0x48311d0 (_vgnU_ifunc_wrapper)
--00:00:00:03.358 21466-- REDIR: 0x48fe930 (libc.so.6:strcasecmp) redirected to 0x48311d0 (_vgnU_ifunc_wrapper)
--00:00:00:03.359 21466-- REDIR: 0x48fd220 (libc.so.6:strcat) redirected to 0x48311d0 (_vgnU_ifunc_wrapper)
--00:00:00:03.360 21466-- REDIR: 0x48fd960 (libc.so.6:rindex) redirected to 0x48311d0 (_vgnU_ifunc_wrapper)
--00:00:00:03.361 21466-- REDIR: 0x48ffdd0 (libc.so.6:rawmemchr) redirected to 0x48311d0 (_vgnU_ifunc_wrapper)
--00:00:00:03.362 21466-- REDIR: 0x491ae60 (libc.so.6:wmemchr) redirected to 0x48311d0 (_vgnU_ifunc_wrapper)
--00:00:00:03.362 21466-- REDIR: 0x491a9a0 (libc.so.6:wcscmp) redirected to 0x48311d0 (_vgnU_ifunc_wrapper)
--00:00:00:03.362 21466-- REDIR: 0x48fe760 (libc.so.6:mempcpy) redirected to 0x48311d0 (_vgnU_ifunc_wrapper)
--00:00:00:03.362 21466-- REDIR: 0x48fe590 (libc.so.6:bcmp) redirected to 0x48311d0 (_vgnU_ifunc_wrapper)
--00:00:00:03.363 21466-- REDIR: 0x48fd890 (libc.so.6:strncmp) redirected to 0x48311d0 (_vgnU_ifunc_wrapper)
--00:00:00:03.363 21466-- REDIR: 0x48fd2d0 (libc.so.6:strcmp) redirected to 0x48311d0 (_vgnU_ifunc_wrapper)
--00:00:00:03.363 21466-- REDIR: 0x48fe6c0 (libc.so.6:memset) redirected to 0x48311d0 (_vgnU_ifunc_wrapper)
--00:00:00:03.363 21466-- REDIR: 0x491a960 (libc.so.6:wcschr) redirected to 0x48311d0 (_vgnU_ifunc_wrapper)
--00:00:00:03.363 21466-- REDIR: 0x48fd7f0 (libc.so.6:strnlen) redirected to 0x48311d0 (_vgnU_ifunc_wrapper)
--00:00:00:03.364 21466-- REDIR: 0x48fd3b0 (libc.so.6:strcspn) redirected to 0x48311d0 (_vgnU_ifunc_wrapper)
--00:00:00:03.364 21466-- REDIR: 0x48fe980 (libc.so.6:strncasecmp) redirected to 0x48311d0 (_vgnU_ifunc_wrapper)
--00:00:00:03.364 21466-- REDIR: 0x48fd350 (libc.so.6:strcpy) redirected to 0x48311d0 (_vgnU_ifunc_wrapper)
--00:00:00:03.364 21466-- REDIR: 0x48fead0 (libc.so.6:memcpy@@GLIBC_2.14) redirected to 0x48311d0 (_vgnU_ifunc_wrapper)
--00:00:00:03.364 21466-- REDIR: 0x491c0d0 (libc.so.6:wcsnlen) redirected to 0x48311d0 (_vgnU_ifunc_wrapper)
--00:00:00:03.365 21466-- REDIR: 0x491a9e0 (libc.so.6:wcscpy) redirected to 0x48311d0 (_vgnU_ifunc_wrapper)
--00:00:00:03.365 21466-- REDIR: 0x48fd9a0 (libc.so.6:strpbrk) redirected to 0x48311d0 (_vgnU_ifunc_wrapper)
--00:00:00:03.365 21466-- REDIR: 0x48fd280 (libc.so.6:index) redirected to 0x48311d0 (_vgnU_ifunc_wrapper)
--00:00:00:03.365 21466-- REDIR: 0x48fd7b0 (libc.so.6:strlen) redirected to 0x48311d0 (_vgnU_ifunc_wrapper)
--00:00:00:03.365 21466-- REDIR: 0x4906d20 (libc.so.6:memrchr) redirected to 0x48311d0 (_vgnU_ifunc_wrapper)
--00:00:00:03.365 21466-- REDIR: 0x48fe9d0 (libc.so.6:strcasecmp_l) redirected to 0x48311d0 (_vgnU_ifunc_wrapper)
--00:00:00:03.373 21466-- REDIR: 0x48fe550 (libc.so.6:memchr) redirected to 0x48311d0 (_vgnU_ifunc_wrapper)
--00:00:00:03.373 21466-- REDIR: 0x491aab0 (libc.so.6:wcslen) redirected to 0x48311d0 (_vgnU_ifunc_wrapper)
--00:00:00:03.373 21466-- REDIR: 0x48fdc60 (libc.so.6:strspn) redirected to 0x48311d0 (_vgnU_ifunc_wrapper)
--00:00:00:03.373 21466-- REDIR: 0x48fe8d0 (libc.so.6:stpncpy) redirected to 0x48311d0 (_vgnU_ifunc_wrapper)
--00:00:00:03.374 21466-- REDIR: 0x48fe870 (libc.so.6:stpcpy) redirected to 0x48311d0 (_vgnU_ifunc_wrapper)
--00:00:00:03.374 21466-- REDIR: 0x48ffe10 (libc.so.6:strchrnul) redirected to 0x48311d0 (_vgnU_ifunc_wrapper)
--00:00:00:03.374 21466-- REDIR: 0x48fea20 (libc.so.6:strncasecmp_l) redirected to 0x48311d0 (_vgnU_ifunc_wrapper)
--00:00:00:03.380 21466-- REDIR: 0x49e6490 (libc.so.6:__strrchr_avx2) redirected to 0x483ea10 (rindex)
--00:00:00:03.398 21466-- REDIR: 0x48f8260 (libc.so.6:malloc) redirected to 0x483b780 (malloc)
==00:00:00:03.402 21466== Invalid write of size 4
==00:00:00:03.402 21466==    at 0x1091BE: main (overpass.c:12)
==00:00:00:03.402 21466==  Address 0x4a50054 is 0 bytes after a block of size 20 alloc'd
==00:00:00:03.402 21466==    at 0x483B7F3: malloc (in /usr/lib/x86_64-linux-gnu/valgrind/vgpreload_memcheck-amd64-linux.so)
==00:00:00:03.403 21466==    by 0x109193: main (overpass.c:7)
==00:00:00:03.403 21466== 
==00:00:00:03.403 21466== Invalid read of size 4
==00:00:00:03.403 21466==    at 0x1091C8: main (overpass.c:13)
==00:00:00:03.403 21466==  Address 0x4a50054 is 0 bytes after a block of size 20 alloc'd
==00:00:00:03.403 21466==    at 0x483B7F3: malloc (in /usr/lib/x86_64-linux-gnu/valgrind/vgpreload_memcheck-amd64-linux.so)
==00:00:00:03.403 21466==    by 0x109193: main (overpass.c:7)
==00:00:00:03.403 21466== 
--00:00:00:03.403 21466-- REDIR: 0x49e62a0 (libc.so.6:__strchrnul_avx2) redirected to 0x4843540 (strchrnul)
--00:00:00:03.427 21466-- REDIR: 0x48f8850 (libc.so.6:free) redirected to 0x483c9d0 (free)
==00:00:00:03.432 21466== 
==00:00:00:03.433 21466== HEAP SUMMARY:
==00:00:00:03.433 21466==     in use at exit: 20 bytes in 1 blocks
==00:00:00:03.433 21466==   total heap usage: 2 allocs, 1 frees, 1,044 bytes allocated
==00:00:00:03.433 21466== 
==00:00:00:03.433 21466== Searching for pointers to 1 not-freed blocks
==00:00:00:03.434 21466== Checked 74,136 bytes
==00:00:00:03.434 21466== 
==00:00:00:03.434 21466== 20 bytes in 1 blocks are definitely lost in loss record 1 of 1
==00:00:00:03.435 21466==    at 0x483B7F3: malloc (in /usr/lib/x86_64-linux-gnu/valgrind/vgpreload_memcheck-amd64-linux.so)
==00:00:00:03.435 21466==    by 0x109193: main (overpass.c:7)
==00:00:00:03.435 21466== 
==00:00:00:03.435 21466== LEAK SUMMARY:
==00:00:00:03.435 21466==    definitely lost: 20 bytes in 1 blocks
==00:00:00:03.435 21466==    indirectly lost: 0 bytes in 0 blocks
==00:00:00:03.435 21466==      possibly lost: 0 bytes in 0 blocks
==00:00:00:03.435 21466==    still reachable: 0 bytes in 0 blocks
==00:00:00:03.435 21466==         suppressed: 0 bytes in 0 blocks
==00:00:00:03.435 21466== 
==00:00:00:03.435 21466== ERROR SUMMARY: 3 errors from 3 contexts (suppressed: 0 from 0)
==00:00:00:03.435 21466== 
==00:00:00:03.435 21466== 1 errors in context 1 of 3:
==00:00:00:03.435 21466== Invalid read of size 4
==00:00:00:03.435 21466==    at 0x1091C8: main (overpass.c:13)
==00:00:00:03.435 21466==  Address 0x4a50054 is 0 bytes after a block of size 20 alloc'd
==00:00:00:03.435 21466==    at 0x483B7F3: malloc (in /usr/lib/x86_64-linux-gnu/valgrind/vgpreload_memcheck-amd64-linux.so)
==00:00:00:03.435 21466==    by 0x109193: main (overpass.c:7)
==00:00:00:03.435 21466== 
==00:00:00:03.435 21466== 
==00:00:00:03.435 21466== 1 errors in context 2 of 3:
==00:00:00:03.435 21466== Invalid write of size 4
==00:00:00:03.435 21466==    at 0x1091BE: main (overpass.c:12)
==00:00:00:03.435 21466==  Address 0x4a50054 is 0 bytes after a block of size 20 alloc'd
==00:00:00:03.435 21466==    at 0x483B7F3: malloc (in /usr/lib/x86_64-linux-gnu/valgrind/vgpreload_memcheck-amd64-linux.so)
==00:00:00:03.435 21466==    by 0x109193: main (overpass.c:7)
==00:00:00:03.435 21466== 
==00:00:00:03.435 21466== ERROR SUMMARY: 3 errors from 3 contexts (suppressed: 0 from 0)
